TN:
SF:src/ejercicio-clase/addmapreduce.ts
FN:6,(anonymous_0)
FN:13,(anonymous_1)
FN:15,(anonymous_2)
FN:24,(anonymous_3)
FNF:4
FNH:4
FNDA:1,(anonymous_0)
FNDA:2,(anonymous_1)
FNDA:8,(anonymous_2)
FNDA:1,(anonymous_3)
DA:1,1
DA:5,1
DA:6,1
DA:7,1
DA:14,2
DA:15,2
DA:16,8
DA:18,2
DA:25,1
LF:9
LH:9
BRF:0
BRH:0
end_of_record
TN:
SF:src/ejercicio-clase/divmapreduce.ts
FN:6,(anonymous_0)
FN:13,(anonymous_1)
FN:15,(anonymous_2)
FN:24,(anonymous_3)
FNF:4
FNH:4
FNDA:1,(anonymous_0)
FNDA:2,(anonymous_1)
FNDA:8,(anonymous_2)
FNDA:1,(anonymous_3)
DA:1,1
DA:5,1
DA:6,1
DA:7,1
DA:14,2
DA:15,2
DA:16,8
DA:18,2
DA:25,1
LF:9
LH:9
BRF:0
BRH:0
end_of_record
TN:
SF:src/ejercicio-clase/mapreduce.ts
FN:9,(anonymous_0)
FN:17,(anonymous_1)
FN:25,(anonymous_2)
FN:33,(anonymous_3)
FN:35,(anonymous_4)
FN:46,(anonymous_5)
FN:47,(anonymous_6)
FN:58,(anonymous_7)
FN:63,(anonymous_8)
FN:68,(anonymous_9)
FNF:10
FNH:6
FNDA:4,(anonymous_0)
FNDA:0,(anonymous_1)
FNDA:4,(anonymous_2)
FNDA:4,(anonymous_3)
FNDA:16,(anonymous_4)
FNDA:0,(anonymous_5)
FNDA:0,(anonymous_6)
FNDA:4,(anonymous_7)
FNDA:4,(anonymous_8)
FNDA:0,(anonymous_9)
DA:4,1
DA:9,4
DA:10,4
DA:18,0
DA:26,4
DA:34,4
DA:35,4
DA:36,16
DA:38,4
DA:39,4
DA:40,4
DA:47,0
DA:48,0
DA:59,4
DA:64,4
LF:15
LH:12
BRF:0
BRH:0
end_of_record
TN:
SF:src/ejercicio-clase/prodmapreduce.ts
FN:6,(anonymous_0)
FN:13,(anonymous_1)
FN:15,(anonymous_2)
FN:24,(anonymous_3)
FNF:4
FNH:4
FNDA:1,(anonymous_0)
FNDA:2,(anonymous_1)
FNDA:8,(anonymous_2)
FNDA:1,(anonymous_3)
DA:1,1
DA:5,1
DA:6,1
DA:7,1
DA:14,2
DA:15,2
DA:16,8
DA:18,2
DA:25,1
LF:9
LH:9
BRF:0
BRH:0
end_of_record
TN:
SF:src/ejercicio-clase/submapreduce.ts
FN:6,(anonymous_0)
FN:13,(anonymous_1)
FN:15,(anonymous_2)
FN:24,(anonymous_3)
FNF:4
FNH:4
FNDA:1,(anonymous_0)
FNDA:2,(anonymous_1)
FNDA:8,(anonymous_2)
FNDA:1,(anonymous_3)
DA:1,1
DA:5,1
DA:6,1
DA:7,1
DA:14,2
DA:15,2
DA:16,8
DA:18,2
DA:25,1
LF:9
LH:9
BRF:0
BRH:0
end_of_record
